[debug] [2025-05-04T04:51:45.668Z] ----------------------------------------------------------------------
[debug] [2025-05-04T04:51:45.674Z] Command:       C:\Program Files\nodejs\node.exe C:\Users\valle\AppData\Roaming\npm\node_modules\firebase-tools\lib\bin\firebase.js init hosting
[debug] [2025-05-04T04:51:45.675Z] CLI Version:   14.2.2
[debug] [2025-05-04T04:51:45.675Z] Platform:      win32
[debug] [2025-05-04T04:51:45.675Z] Node Version:  v22.13.1
[debug] [2025-05-04T04:51:45.676Z] Time:          Sun May 04 2025 12:51:45 GMT+0800 (Central Indonesia Time)
[debug] [2025-05-04T04:51:45.676Z] ----------------------------------------------------------------------
[debug] 
[debug] [2025-05-04T04:51:45.685Z] > command requires scopes: ["email","openid","https://www.googleapis.com/auth/cloudplatformprojects.readonly","https://www.googleapis.com/auth/firebase","https://www.googleapis.com/auth/cloud-platform"]
[debug] [2025-05-04T04:51:45.686Z] > authorizing via signed-in user (s22210321@student.unklab.ac.id)
[info] 
     ######## #### ########  ######## ########     ###     ######  ########
     ##        ##  ##     ## ##       ##     ##  ##   ##  ##       ##
     ######    ##  ########  ######   ########  #########  ######  ######
     ##        ##  ##    ##  ##       ##     ## ##     ##       ## ##
     ##       #### ##     ## ######## ########  ##     ##  ######  ########

You're about to initialize a Firebase project in this directory:

  C:\Users\valle\MAD\FINALMAD

[info] 
=== Project Setup
[info] 
[info] First, let's associate this project directory with a Firebase project.
[info] You can create multiple project aliases by running firebase use --add, 
[info] but for now we'll just set up a default project.
[info] 
[debug] [2025-05-04T04:51:50.649Z] Checked if tokens are valid: true, expires at: 1746337552919
[debug] [2025-05-04T04:51:50.649Z] Checked if tokens are valid: true, expires at: 1746337552919
[debug] [2025-05-04T04:51:50.652Z] >>> [apiv2][query] GET https://firebase.googleapis.com/v1beta1/projects pageSize=100
[debug] [2025-05-04T04:51:51.708Z] <<< [apiv2][status] GET https://firebase.googleapis.com/v1beta1/projects 200
[debug] [2025-05-04T04:51:51.708Z] <<< [apiv2][body] GET https://firebase.googleapis.com/v1beta1/projects [omitted]
[info] i  Using project sistem-absensi-rgk (Sistem Absensi RGK) 
[info] 
=== Hosting Setup
[debug] [2025-05-04T04:51:53.810Z] Checked if tokens are valid: true, expires at: 1746337552919
[debug] [2025-05-04T04:51:53.810Z] Checked if tokens are valid: true, expires at: 1746337552919
[debug] [2025-05-04T04:51:53.811Z] >>> [apiv2][query] GET https://firebase.googleapis.com/v1beta1/projects/sistem-absensi-rgk [none]
[debug] [2025-05-04T04:51:54.153Z] <<< [apiv2][status] GET https://firebase.googleapis.com/v1beta1/projects/sistem-absensi-rgk 200
[debug] [2025-05-04T04:51:54.154Z] <<< [apiv2][body] GET https://firebase.googleapis.com/v1beta1/projects/sistem-absensi-rgk {"projectId":"sistem-absensi-rgk","projectNumber":"1041978782639","displayName":"Sistem Absensi RGK","name":"projects/sistem-absensi-rgk","resources":{"hostingSite":"sistem-absensi-rgk"},"state":"ACTIVE","etag":"1_02f6611e-5558-4d29-bf34-30536631d849"}
[info] 
[info] Your public directory is the folder (relative to your project directory) that
[info] will contain Hosting assets to be uploaded with firebase deploy. If you
[info] have a build process for your assets, use your build's output directory.
[info] 
